<?xml version="1.0" encoding="UTF-8"?>
<!-- Generated by org.testng.reporters.JUnitXMLReporter -->
<testsuite hostname="DESKTOP-NOU9GCV" ignored="1" name="Test" tests="1" failures="0" timestamp="02 Mar 2022 09:37:39 GMT" time="62.008" errors="0">
  <testcase name="regionalRegression" time="0.068" classname="com.crm.testngscripts.CreateContactTest"/>
  <testcase name="createConTest" time="0.0" classname="com.crm.testngscripts.CreateContactTest">
    <ignored/>
  </testcase> <!-- createConTest -->
</testsuite> <!-- Test -->
